<?xml version="1.0" encoding="UTF-8"?>
<!-- Generated by org.testng.reporters.JUnitXMLReporter -->
<testsuite ignored="0" hostname="DESKTOP-68OQ1K7" failures="2" tests="2" name="Test" time="91.277" errors="0" timestamp="2022-05-05T17:24:30 IST">
  <testcase classname="com.VTiger.Practice1.sampleForListeners" name="FirstMethod" time="32.627">
    <failure type="java.lang.AssertionError" message="expected [false] but found [true]">
      <![CDATA[java.lang.AssertionError: expected [false] but found [true]
at com.VTiger.Practice1.sampleForListeners.FirstMethod(sampleForListeners.java:48)
at java.base/java.util.ArrayList.forEach(ArrayList.java:1511)
... Removed 33 stack frames]]>
    </failure>
  </testcase> <!-- FirstMethod -->
  <testcase classname="com.VTiger.Practice1.sampleForListeners" name="SecondMethod" time="25.779">
    <failure type="java.lang.AssertionError" message="expected [false] but found [true]">
      <![CDATA[java.lang.AssertionError: expected [false] but found [true]
at com.VTiger.Practice1.sampleForListeners.SecondMethod(sampleForListeners.java:70)
at java.base/java.util.ArrayList.forEach(ArrayList.java:1511)
... Removed 33 stack frames]]>
    </failure>
  </testcase> <!-- SecondMethod -->
</testsuite> <!-- Test -->
