<?xml version="1.0" encoding="UTF-8"?>
<testng-results ignored="0" total="1" passed="1" failed="0" skipped="0">
  <reporter-output>
  </reporter-output>
  <suite started-at="2022-05-12T21:44:46 IST" name="Default suite" finished-at="2022-05-12T21:45:48 IST" duration-ms="62424">
    <groups>
    </groups>
    <test started-at="2022-05-12T21:44:46 IST" name="Default test" finished-at="2022-05-12T21:45:48 IST" duration-ms="62424">
      <class name="blueStone.Scenario5">
        <test-method signature="bluestone()[pri:0, instance:blueStone.Scenario5@5ba3f27a]" started-at="2022-05-12T21:44:46 IST" name="bluestone" finished-at="2022-05-12T21:45:48 IST" duration-ms="62316" status="PASS">
          <reporter-output>
          </reporter-output>
        </test-method> <!-- bluestone -->
      </class> <!-- blueStone.Scenario5 -->
    </test> <!-- Default test -->
  </suite> <!-- Default suite -->
</testng-results>
